<?xml version="1.0" encoding="UTF-8"?>
<!-- Generated by org.testng.reporters.JUnitReportReporter -->
<testsuite skipped="0" hostname="DESKTOP-FNN8OD2" name="testcases.ApplicationLoginPage" tests="1" failures="0" timestamp="2020-04-29T01:33:09 IST" time="11.216" errors="0">
  <testcase name="navigatehomepage" time="11.216" classname="testcases.ApplicationLoginPage"/>
</testsuite> <!-- testcases.ApplicationLoginPage -->
