<?xml version="1.0" encoding="UTF-8"?>
<!-- Generated by org.testng.reporters.JUnitReportReporter -->
<testsuite skipped="0" hostname="DESKTOP-FNN8OD2" name="testcases.EmailRegisterPage" tests="2" failures="0" timestamp="2020-04-27T22:07:03 IST" time="33.289" errors="0">
  <testcase name="Title" time="0.051" classname="testcases.EmailRegisterPage"/>
  <testcase name="Register" time="33.238" classname="testcases.EmailRegisterPage"/>
</testsuite> <!-- testcases.EmailRegisterPage -->
