<?xml version="1.0" encoding="UTF-8"?>
<!-- Generated by org.testng.reporters.JUnitReportReporter -->
<testsuite skipped="0" hostname="DESKTOP-FNN8OD2" name="testcases.ApplicationArticle" tests="1" failures="0" timestamp="06 May 2020 19:42:34 GMT" time="0.144" errors="0">
  <testcase name="pagedisplay" time="0.144" classname="testcases.ApplicationArticle"/>
</testsuite> <!-- testcases.ApplicationArticle -->
