<?xml version="1.0" encoding="UTF-8"?>
<!-- Generated by org.testng.reporters.JUnitReportReporter -->
<testsuite skipped="0" hostname="DESKTOP-FNN8OD2" name="Testcasespackage.LandingPage" tests="1" failures="0" timestamp="2020-04-17T00:20:10 IST" time="17.118" errors="0">
  <testcase name="navigatehomepage" time="17.118" classname="Testcasespackage.LandingPage"/>
</testsuite> <!-- Testcasespackage.LandingPage -->
