<?xml version="1.0" encoding="UTF-8"?>
<!-- Generated by org.testng.reporters.JUnitReportReporter -->
<testsuite skipped="0" hostname="DESKTOP-FNN8OD2" name="testcases.ApplicatioArticlePage" tests="1" failures="0" timestamp="2020-04-29T00:19:46 IST" time="0.394" errors="0">
  <testcase name="pagedisplay" time="0.394" classname="testcases.ApplicatioArticlePage"/>
</testsuite> <!-- testcases.ApplicatioArticlePage -->
