<?xml version="1.0" encoding="UTF-8"?>
<!-- Generated by org.testng.reporters.JUnitReportReporter -->
<testsuite skipped="1" hostname="DESKTOP-FNN8OD2" name="testcases.ApplicationEmailRegister" tests="2" failures="0" timestamp="06 May 2020 19:53:37 GMT" time="16.263" errors="0">
  <testcase name="Register" time="16.263" classname="testcases.ApplicationEmailRegister"/>
  <testcase name="Title" classname="testcases.ApplicationEmailRegister">
    <skipped/>
  </testcase> <!-- Title -->
</testsuite> <!-- testcases.ApplicationEmailRegister -->
