<?xml version="1.0" encoding="UTF-8"?>
<!-- Generated by org.testng.reporters.JUnitReportReporter -->
<testsuite skipped="0" hostname="DESKTOP-FNN8OD2" name="testcases.EmailRegister" tests="2" failures="0" timestamp="2020-04-29T15:30:52 IST" time="16.412" errors="0">
  <testcase name="Title" time="0.018" classname="testcases.EmailRegister"/>
  <testcase name="Register" time="16.394" classname="testcases.EmailRegister"/>
</testsuite> <!-- testcases.EmailRegister -->
