<?xml version="1.0" encoding="UTF-8"?>
<!-- Generated by org.testng.reporters.JUnitReportReporter -->
<testsuite skipped="0" hostname="DESKTOP-FNN8OD2" name="testcases.applicationLandingPage" tests="1" failures="0" timestamp="2020-04-27T01:19:32 IST" time="113.811" errors="0">
  <testcase name="navigatehomepage" time="113.811" classname="testcases.applicationLandingPage"/>
</testsuite> <!-- testcases.applicationLandingPage -->
