<?xml version="1.0" encoding="UTF-8"?>
<!-- Generated by org.testng.reporters.JUnitReportReporter -->
<testsuite skipped="0" hostname="DESKTOP-FNN8OD2" name="testcases.ApplicationPracticePage" tests="1" failures="0" timestamp="2020-04-29T00:05:41 IST" time="1.216" errors="0">
  <testcase name="Verifyheader" time="1.216" classname="testcases.ApplicationPracticePage"/>
</testsuite> <!-- testcases.ApplicationPracticePage -->
