<?xml version="1.0" encoding="UTF-8"?>
<!-- Generated by org.testng.reporters.JUnitReportReporter -->
<testsuite skipped="1" hostname="DESKTOP-FNN8OD2" name="testcases.ApplicationLogin" tests="2" failures="0" timestamp="02 May 2020 16:38:47 GMT" time="0.086" errors="0">
  <testcase name="validlogin" time="0.086" classname="testcases.ApplicationLogin"/>
  <testcase name="invalidlogin" classname="testcases.ApplicationLogin">
    <skipped/>
  </testcase> <!-- invalidlogin -->
</testsuite> <!-- testcases.ApplicationLogin -->
