<?xml version="1.0" encoding="UTF-8"?>
<!-- Generated by org.testng.reporters.JUnitReportReporter -->
<testsuite skipped="0" hostname="DESKTOP-FNN8OD2" name="testcases.ApplicationPractice" tests="1" failures="0" timestamp="06 May 2020 19:58:20 GMT" time="1.343" errors="0">
  <testcase name="Verifyheader" time="1.343" classname="testcases.ApplicationPractice"/>
</testsuite> <!-- testcases.ApplicationPractice -->
